<?xml version="1.0" encoding="UTF-8"?>
<!-- Generated by org.testng.reporters.JUnitReportReporter -->
<testsuite hostname="Tarun" failures="0" tests="1" name="com.herokuapp.restfulbooker.GetBookingInfo" time="4.042" errors="0" timestamp="2023-08-09T16:17:15 IST" skipped="0">
  <testcase classname="com.herokuapp.restfulbooker.GetBookingInfo" name="getBookingInfo" time="4.042"/>
  <system-out/>
</testsuite> <!-- com.herokuapp.restfulbooker.GetBookingInfo -->
