<?xml version="1.0" encoding="UTF-8"?>
<!-- Generated by org.testng.reporters.JUnitReportReporter -->
<testsuite hostname="Tarun" failures="0" tests="1" name="com.herokuapp.restfulbooker.PostCreate" time="4.480" errors="0" timestamp="2023-08-09T16:17:36 IST" skipped="0">
  <testcase classname="com.herokuapp.restfulbooker.PostCreate" name="postCreate" time="4.480"/>
  <system-out/>
</testsuite> <!-- com.herokuapp.restfulbooker.PostCreate -->
