<?xml version="1.0" encoding="UTF-8"?>
<!-- Generated by org.testng.reporters.JUnitReportReporter -->
<testsuite hostname="Tarun" failures="0" tests="1" name="com.herokuapp.restfulbooker.GetBookingIDWOFl" time="4.060" errors="0" timestamp="2022-11-15T20:19:55 IST" skipped="0">
  <testcase classname="com.herokuapp.restfulbooker.GetBookingIDWOFl" name="getBookingIDWOFl" time="4.060"/>
  <system-out/>
</testsuite> <!-- com.herokuapp.restfulbooker.GetBookingIDWOFl -->
