<?xml version="1.0" encoding="UTF-8"?>
<!-- Generated by org.testng.reporters.JUnitReportReporter -->
<testsuite hostname="Tarun" failures="0" tests="1" name="com.herokuapp.restfulbooker.PutUpdate" time="5.277" errors="0" timestamp="2022-11-18T13:46:28 IST" skipped="0">
  <testcase classname="com.herokuapp.restfulbooker.PutUpdate" name="putUpdate" time="5.277"/>
  <system-out/>
</testsuite> <!-- com.herokuapp.restfulbooker.PutUpdate -->
