<?xml version="1.0" encoding="UTF-8"?>
<!-- Generated by org.testng.reporters.JUnitReportReporter -->
<testsuite hostname="Tarun" failures="0" tests="1" name="com.herokuapp.restfulbooker.PatchChange" time="5.453" errors="0" timestamp="2022-11-18T13:45:39 IST" skipped="0">
  <testcase classname="com.herokuapp.restfulbooker.PatchChange" name="patchChange" time="5.453"/>
  <system-out/>
</testsuite> <!-- com.herokuapp.restfulbooker.PatchChange -->
